The flag 'directory' used in rule get_group_plots is only valid for outputs, not inputs.
The flag 'directory' used in rule get_group_plots is only valid for outputs, not inputs.
Building DAG of jobs...
Using shell: /cvmfs/soft.computecanada.ca/gentoo/2020/bin/bash
Provided cores: 1 (use --cores to define parallelism)
Rules claiming more threads will be scaled down.
Job counts:
	count	jobs
	1	smoothed_dtseries_m24
	1

[Mon Apr 26 18:33:15 2021]
rule smoothed_dtseries_m24:
    input: /home/dimuthu1/scratch/PPMI_project2/derivatives/cleane_dtseries/sub-4035_Month24_clean.dtseries.nii, cfg/template.L.inflated.32k_fs_LR.surf.gii, cfg/template.R.inflated.32k_fs_LR.surf.gii
    output: /home/dimuthu1/scratch/PPMI_project2/derivatives/analysis/smoothed/processed_dtseries/sub-4035_Month24_clean_smoothed.dtseries.nii
    jobid: 0
    wildcards: subject=4035
    resources: mem_mb=4000

[Mon Apr 26 18:33:27 2021]
Finished job 0.
1 of 1 steps (100%) done
['3118', '3119', '3120', '3124', '3125', '3131', '3132', '3372', '3373', '3375', '3377', '3378', '3380', '3386', '3392', '3593', '3758', '3760', '3771', '3819', '3822', '3823', '3824', '3825', '3826', '3828', '3829', '3831', '3832', '3834', '3835', '4021', '4022', '4030', '4034', '4035', '4038']
