Building DAG of jobs...
Using shell: /cvmfs/soft.computecanada.ca/gentoo/2020/bin/bash
Provided cores: 1 (use --cores to define parallelism)
Rules claiming more threads will be scaled down.
Job counts:
	count	jobs
	1	get_corr_matrix_12
	1

[Tue Dec 14 15:14:50 2021]
rule get_corr_matrix_12:
    input: /home/dimuthu1/scratch/PPMI_project2/derivatives/analysis/smoothed/processed_dtseries/sub-4021_Month12_clean_smoothed.dtseries.nii
    output: /home/dimuthu1/scratch/PPMI_project2/derivatives/analysis/smoothed/corr_matrix/month12/sub-4021_month12_corr-matrix.npy
    jobid: 0
    wildcards: subject=4021
    resources: mem_mb=4000

pixdim[1,2,3] should be non-zero; setting 0 dims to 1
/cvmfs/soft.computecanada.ca/gentoo/2020/bin/bash: line 1: 26679 Segmentation fault      (core dumped) /home/dimuthu1/py3/bin/python /scratch/dimuthu1/PPMI_project2/PPMI_gradients/.snakemake/scripts/tmpzvdtfuva.get_correlation.py
[Tue Dec 14 15:14:59 2021]
Error in rule get_corr_matrix_12:
    jobid: 0
    output: /home/dimuthu1/scratch/PPMI_project2/derivatives/analysis/smoothed/corr_matrix/month12/sub-4021_month12_corr-matrix.npy

RuleException:
CalledProcessError in line 144 of /scratch/dimuthu1/PPMI_project2/PPMI_gradients/Snakefile:
Command 'set -euo pipefail;  /home/dimuthu1/py3/bin/python /scratch/dimuthu1/PPMI_project2/PPMI_gradients/.snakemake/scripts/tmpzvdtfuva.get_correlation.py' returned non-zero exit status 139.
  File "/scratch/dimuthu1/PPMI_project2/PPMI_gradients/Snakefile", line 144, in __rule_get_corr_matrix_12
  File "/cvmfs/soft.computecanada.ca/easybuild/software/2017/Core/python/3.7.0/lib/python3.7/concurrent/futures/thread.py", line 57, in run
Shutting down, this might take some time.
Exiting because a job execution failed. Look above for error message
['3118', '3119', '3120', '3124', '3125', '3131', '3132', '3372', '3373', '3375', '3377', '3378', '3380', '3386', '3392', '3593', '3758', '3760', '3771', '3819', '3822', '3823', '3824', '3825', '3826', '3828', '3829', '3831', '3832', '3834', '3835', '4021', '4022', '4030', '4034', '4035', '4038']
