The flag 'directory' used in rule get_group_plots is only valid for outputs, not inputs.
The flag 'directory' used in rule get_group_plots is only valid for outputs, not inputs.
The flag 'directory' used in rule get_group_plots_ctx is only valid for outputs, not inputs.
The flag 'directory' used in rule get_group_plots_ctx is only valid for outputs, not inputs.
Building DAG of jobs...
Using shell: /cvmfs/soft.computecanada.ca/nix/var/nix/profiles/16.09/bin/bash
Provided cores: 1 (use --cores to define parallelism)
Rules claiming more threads will be scaled down.
Job counts:
	count	jobs
	1	get_gradients_month12
	1

[Sat Feb 13 20:36:06 2021]
rule get_gradients_month12:
    input: ../derivatives/clean_dtseries/sub-3120_Month12_clean.dtseries.nii
    output: ../derivatives/analysis/gradients/month12/sub-3120_gradients.csv, ../derivatives/analysis/gradients/month12/sub-3120_sbctx.npy, ../derivatives/analysis/gradients/month12/sub-3120_ctx.npy
    jobid: 0
    wildcards: subject=3120
    resources: mem_mb=4000

/home/dimuthu1/py3/lib/python3.7/site-packages/numpy/core/fromnumeric.py:3335: RuntimeWarning: Mean of empty slice.
  out=out, **kwargs)
/home/dimuthu1/py3/lib/python3.7/site-packages/numpy/core/_methods.py:154: RuntimeWarning: invalid value encountered in true_divide
  ret, rcount, out=ret, casting='unsafe', subok=False)
/home/dimuthu1/py3/lib/python3.7/site-packages/brainspace/gradient/embedding.py:70: UserWarning: Affinity is not symmetric. Making symmetric.
  warnings.warn('Affinity is not symmetric. Making symmetric.')
/home/dimuthu1/py3/lib/python3.7/site-packages/brainspace/gradient/embedding.py:77: UserWarning: Graph is not fully connected.
  warnings.warn('Graph is not fully connected.')
[Sat Feb 13 20:36:26 2021]
Finished job 0.
1 of 1 steps (100%) done
['3118', '3119', '3120', '3124', '3125', '3131', '3132', '3371', '3372', '3373', '3375', '3377', '3378', '3380', '3386', '3392', '3593', '3758', '3760', '3771', '3819', '3822', '3823', '3824', '3825', '3826', '3828', '3829', '3830', '3831', '3832', '3834', '3835', '4019', '4021', '4022', '4030', '4034', '4035', '4038']
