The flag 'directory' used in rule get_group_plots is only valid for outputs, not inputs.
The flag 'directory' used in rule get_group_plots is only valid for outputs, not inputs.
Building DAG of jobs...
Using shell: /cvmfs/soft.computecanada.ca/nix/var/nix/profiles/16.09/bin/bash
Provided cores: 1 (use --cores to define parallelism)
Rules claiming more threads will be scaled down.
Job counts:
	count	jobs
	1	clean_dtseries_m12
	1

[Sat Apr 24 15:27:22 2021]
rule clean_dtseries_m12:
    input: ../derivatives/fmriprep_20_2_1_syn_sdc/fmriprep/sub-3835/ses-Month12/func/sub-3835_ses-Month12_task-rest_run-1_space-fsLR_den-91k_bold.dtseries.nii, ../derivatives/fmriprep_20_2_1_syn_sdc/fmriprep/sub-3835/ses-Month12/func/sub-3835_ses-Month12_task-rest_run-1_desc-confounds_timeseries.tsv
    output: /home/dimuthu1/scratch/project2/derivatives/cleane_dtseries/sub-3835_Month12_clean.dtseries.nii
    jobid: 0
    wildcards: subject=3835
    resources: mem_mb=4000

[31mFATAL:  [0m could not open image /project/6050199/akhanf/bids-apps/tigrlab_fmriprep_ciftify_v1.3.2-2.3.3.sif: failed to retrieve path for /project/6050199/akhanf/bids-apps/tigrlab_fmriprep_ciftify_v1.3.2-2.3.3.sif: lstat /project/6050199/akhanf/bids-apps: no such file or directory
[Sat Apr 24 15:27:22 2021]
Error in rule clean_dtseries_m12:
    jobid: 0
    output: /home/dimuthu1/scratch/project2/derivatives/cleane_dtseries/sub-3835_Month12_clean.dtseries.nii
    shell:
        mkdir -p /home/dimuthu1/scratch/project2/derivatives/cleane_dtseries/ && singularity exec /project/6050199/akhanf/bids-apps/tigrlab_fmriprep_ciftify_v1.3.2-2.3.3.sif ciftify_clean_img --output-file=/home/dimuthu1/scratch/project2/derivatives/cleane_dtseries/sub-3835_Month12_clean.dtseries.nii --confounds-tsv=../derivatives/fmriprep_20_2_1_syn_sdc/fmriprep/sub-3835/ses-Month12/func/sub-3835_ses-Month12_task-rest_run-1_desc-confounds_timeseries.tsv --clean-config=cfg/cleaning_ciftify.json ../derivatives/fmriprep_20_2_1_syn_sdc/fmriprep/sub-3835/ses-Month12/func/sub-3835_ses-Month12_task-rest_run-1_space-fsLR_den-91k_bold.dtseries.nii
        (one of the commands exited with non-zero exit code; note that snakemake uses bash strict mode!)

Shutting down, this might take some time.
Exiting because a job execution failed. Look above for error message
['3118', '3119', '3120', '3124', '3125', '3131', '3132', '3372', '3373', '3375', '3377', '3378', '3380', '3386', '3392', '3593', '3758', '3760', '3771', '3819', '3822', '3823', '3824', '3825', '3826', '3828', '3829', '3831', '3832', '3834', '3835', '4021', '4022', '4030', '4034', '4035', '4038']
