The flag 'directory' used in rule get_group_plots is only valid for outputs, not inputs.
The flag 'directory' used in rule get_group_plots is only valid for outputs, not inputs.
Building DAG of jobs...
Using shell: /cvmfs/soft.computecanada.ca/gentoo/2020/bin/bash
Provided cores: 1 (use --cores to define parallelism)
Rules claiming more threads will be scaled down.
Job counts:
	count	jobs
	1	get_corr_matrix_12
	1

[Mon Apr 26 19:32:39 2021]
rule get_corr_matrix_12:
    input: /home/dimuthu1/scratch/PPMI_project2/derivatives/analysis/smoothed/processed_dtseries/sub-3825_Month12_clean_smoothed.dtseries.nii
    output: /home/dimuthu1/scratch/PPMI_project2/derivatives/analysis/smoothed/corr_matrix/month12/sub-3825_month12_corr-matrix.npy
    jobid: 0
    wildcards: subject=3825
    resources: mem_mb=4000

pixdim[1,2,3] should be non-zero; setting 0 dims to 1
/scratch/dimuthu1/PPMI_project2/PPMI_gradients/scripts/get_correlation.py:50: RuntimeWarning: Mean of empty slice
  
[Mon Apr 26 19:32:49 2021]
Finished job 0.
1 of 1 steps (100%) done
['3118', '3119', '3120', '3124', '3125', '3131', '3132', '3372', '3373', '3375', '3377', '3378', '3380', '3386', '3392', '3593', '3758', '3760', '3771', '3819', '3822', '3823', '3824', '3825', '3826', '3828', '3829', '3831', '3832', '3834', '3835', '4021', '4022', '4030', '4034', '4035', '4038']
