The flag 'directory' used in rule get_group_plots is only valid for outputs, not inputs.
The flag 'directory' used in rule get_group_plots is only valid for outputs, not inputs.
Building DAG of jobs...
Using shell: /cvmfs/soft.computecanada.ca/nix/var/nix/profiles/16.09/bin/bash
Provided cores: 1 (use --cores to define parallelism)
Rules claiming more threads will be scaled down.
Job counts:
	count	jobs
	1	get_corr_matrix_12
	1

[Sat Feb 20 20:11:19 2021]
rule get_corr_matrix_12:
    input: ../derivatives/clean_dtseries/sub-3826_Month12_clean.dtseries.nii
    output: ../derivatives/analysis/corr_matrix/month12/sub-3826_month12_corr-matrix.npy
    jobid: 0
    wildcards: subject=3826
    resources: mem_mb=4000

pixdim[1,2,3] should be non-zero; setting 0 dims to 1
Traceback (most recent call last):
  File "/scratch/dimuthu1/PPMI_project2/PPMI_gradients/.snakemake/scripts/tmpwcp3odwn.get_correlation.py", line 41, in <module>
    dtseries      = nib.load(snakemake.input.cleaned_bold)
AttributeError: 'InputFiles' object has no attribute 'cleaned_bold'
[Sat Feb 20 20:11:23 2021]
Error in rule get_corr_matrix_12:
    jobid: 0
    output: ../derivatives/analysis/corr_matrix/month12/sub-3826_month12_corr-matrix.npy

RuleException:
CalledProcessError in line 79 of /scratch/dimuthu1/PPMI_project2/PPMI_gradients/Snakefile:
Command 'set -euo pipefail;  /home/dimuthu1/py3/bin/python /scratch/dimuthu1/PPMI_project2/PPMI_gradients/.snakemake/scripts/tmpwcp3odwn.get_correlation.py' returned non-zero exit status 1.
  File "/scratch/dimuthu1/PPMI_project2/PPMI_gradients/Snakefile", line 79, in __rule_get_corr_matrix_12
  File "/cvmfs/soft.computecanada.ca/easybuild/software/2017/Core/python/3.7.0/lib/python3.7/concurrent/futures/thread.py", line 57, in run
Shutting down, this might take some time.
Exiting because a job execution failed. Look above for error message
['3118', '3119', '3120', '3124', '3125', '3131', '3132', '3372', '3373', '3375', '3377', '3378', '3380', '3386', '3392', '3593', '3758', '3760', '3771', '3819', '3822', '3823', '3824', '3825', '3826', '3828', '3829', '3831', '3832', '3834', '3835', '4021', '4022', '4030', '4034', '4035', '4038']
