The flag 'directory' used in rule get_group_plots is only valid for outputs, not inputs.
The flag 'directory' used in rule get_group_plots is only valid for outputs, not inputs.
Building DAG of jobs...
Using shell: /cvmfs/soft.computecanada.ca/gentoo/2020/bin/bash
Provided cores: 1 (use --cores to define parallelism)
Rules claiming more threads will be scaled down.
Job counts:
	count	jobs
	1	get_projection_month12
	1

[Thu May 13 22:59:53 2021]
rule get_projection_month12:
    input: /home/dimuthu1/scratch/PPMI_project2/derivatives/analysis/smoothed/gradients/bs_emb/emb_ctx_month12.pickle, /home/dimuthu1/scratch/PPMI_project2/derivatives/analysis/smoothed/gradients/bs_emb/emb_sbctx_L_month12.pickle, /home/dimuthu1/scratch/PPMI_project2/derivatives/analysis/smoothed/gradients/bs_emb/emb_sbctx_R_month12.pickle, /home/dimuthu1/scratch/PPMI_project2/derivatives/analysis/smoothed/gradients/bs_emb/aligned_emb_ctx_month12.pickle, /home/dimuthu1/scratch/PPMI_project2/derivatives/analysis/smoothed/gradients/bs_emb/aligned_emb_sbctx_L_month12.pickle, /home/dimuthu1/scratch/PPMI_project2/derivatives/analysis/smoothed/gradients/bs_emb/aligned_emb_sbctx_R_month12.pickle
    output: /home/dimuthu1/scratch/PPMI_project2/derivatives/analysis/smoothed/gradients/projections/cortex/sub-3118_month12_ctx_L_aligned_grad.func.gii, /home/dimuthu1/scratch/PPMI_project2/derivatives/analysis/smoothed/gradients/projections/cortex/sub-3119_month12_ctx_L_aligned_grad.func.gii, /home/dimuthu1/scratch/PPMI_project2/derivatives/analysis/smoothed/gradients/projections/cortex/sub-3120_month12_ctx_L_aligned_grad.func.gii, /home/dimuthu1/scratch/PPMI_project2/derivatives/analysis/smoothed/gradients/projections/cortex/sub-3124_month12_ctx_L_aligned_grad.func.gii, /home/dimuthu1/scratch/PPMI_project2/derivatives/analysis/smoothed/gradients/projections/cortex/sub-3125_month12_ctx_L_aligned_grad.func.gii, /home/dimuthu1/scratch/PPMI_project2/derivatives/analysis/smoothed/gradients/projections/cortex/sub-3131_month12_ctx_L_aligned_grad.func.gii, /home/dimuthu1/scratch/PPMI_project2/derivatives/analysis/smoothed/gradients/projections/cortex/sub-3132_month12_ctx_L_aligned_grad.func.gii, /home/dimuthu1/scratch/PPMI_project2/derivatives/analysis/smoothed/gradients/projections/cortex/sub-3372_month12_ctx_L_aligned_grad.func.gii, /home/dimuthu1/scratch/PPMI_project2/derivatives/analysis/smoothed/gradients/projections/cortex/sub-3373_month12_ctx_L_aligned_grad.func.gii, /home/dimuthu1/scratch/PPMI_project2/derivatives/analysis/smoothed/gradients/projections/cortex/sub-3375_month12_ctx_L_aligned_grad.func.gii, /home/dimuthu1/scratch/PPMI_project2/derivatives/analysis/smoothed/gradients/projections/cortex/sub-3377_month12_ctx_L_aligned_grad.func.gii, /home/dimuthu1/scratch/PPMI_project2/derivatives/analysis/smoothed/gradients/projections/cortex/sub-3378_month12_ctx_L_aligned_grad.func.gii, /home/dimuthu1/scratch/PPMI_project2/derivatives/analysis/smoothed/gradients/projections/cortex/sub-3380_month12_ctx_L_aligned_grad.func.gii, /home/dimuthu1/scratch/PPMI_project2/derivatives/analysis/smoothed/gradients/projections/cortex/sub-3386_month12_ctx_L_aligned_grad.func.gii, /home/dimuthu1/scratch/PPMI_project2/derivatives/analysis/smoothed/gradients/projections/cortex/sub-3392_month12_ctx_L_aligned_grad.func.gii, /home/dimuthu1/scratch/PPMI_project2/derivatives/analysis/smoothed/gradients/projections/cortex/sub-3593_month12_ctx_L_aligned_grad.func.gii, /home/dimuthu1/scratch/PPMI_project2/derivatives/analysis/smoothed/gradients/projections/cortex/sub-3758_month12_ctx_L_aligned_grad.func.gii, /home/dimuthu1/scratch/PPMI_project2/derivatives/analysis/smoothed/gradients/projections/cortex/sub-3760_month12_ctx_L_aligned_grad.func.gii, /home/dimuthu1/scratch/PPMI_project2/derivatives/analysis/smoothed/gradients/projections/cortex/sub-3771_month12_ctx_L_aligned_grad.func.gii, /home/dimuthu1/scratch/PPMI_project2/derivatives/analysis/smoothed/gradients/projections/cortex/sub-3819_month12_ctx_L_aligned_grad.func.gii, /home/dimuthu1/scratch/PPMI_project2/derivatives/analysis/smoothed/gradients/projections/cortex/sub-3822_month12_ctx_L_aligned_grad.func.gii, /home/dimuthu1/scratch/PPMI_project2/derivatives/analysis/smoothed/gradients/projections/cortex/sub-3823_month12_ctx_L_aligned_grad.func.gii, /home/dimuthu1/scratch/PPMI_project2/derivatives/analysis/smoothed/gradients/projections/cortex/sub-3824_month12_ctx_L_aligned_grad.func.gii, /home/dimuthu1/scratch/PPMI_project2/derivatives/analysis/smoothed/gradients/projections/cortex/sub-3825_month12_ctx_L_aligned_grad.func.gii, /home/dimuthu1/scratch/PPMI_project2/derivatives/analysis/smoothed/gradients/projections/cortex/sub-3826_month12_ctx_L_aligned_grad.func.gii, /home/dimuthu1/scratch/PPMI_project2/derivatives/analysis/smoothed/gradients/projections/cortex/sub-3828_month12_ctx_L_aligned_grad.func.gii, /home/dimuthu1/scratch/PPMI_project2/derivatives/analysis/smoothed/gradients/projections/cortex/sub-3829_month12_ctx_L_aligned_grad.func.gii, /home/dimuthu1/scratch/PPMI_project2/derivatives/analysis/smoothed/gradients/projections/cortex/sub-3831_month12_ctx_L_aligned_grad.func.gii, /home/dimuthu1/scratch/PPMI_project2/derivatives/analysis/smoothed/gradients/projections/cortex/sub-3832_month12_ctx_L_aligned_grad.func.gii, /home/dimuthu1/scratch/PPMI_project2/derivatives/analysis/smoothed/gradients/projections/cortex/sub-3834_month12_ctx_L_aligned_grad.func.gii, /home/dimuthu1/scratch/PPMI_project2/derivatives/analysis/smoothed/gradients/projections/cortex/sub-3835_month12_ctx_L_aligned_grad.func.gii, /home/dimuthu1/scratch/PPMI_project2/derivatives/analysis/smoothed/gradients/projections/cortex/sub-4021_month12_ctx_L_aligned_grad.func.gii, /home/dimuthu1/scratch/PPMI_project2/derivatives/analysis/smoothed/gradients/projections/cortex/sub-4022_month12_ctx_L_aligned_grad.func.gii, /home/dimuthu1/scratch/PPMI_project2/derivatives/analysis/smoothed/gradients/projections/cortex/sub-4030_month12_ctx_L_aligned_grad.func.gii, /home/dimuthu1/scratch/PPMI_project2/derivatives/analysis/smoothed/gradients/projections/cortex/sub-4034_month12_ctx_L_aligned_grad.func.gii, /home/dimuthu1/scratch/PPMI_project2/derivatives/analysis/smoothed/gradients/projections/cortex/sub-4035_month12_ctx_L_aligned_grad.func.gii, /home/dimuthu1/scratch/PPMI_project2/derivatives/analysis/smoothed/gradients/projections/cortex/sub-4038_month12_ctx_L_aligned_grad.func.gii, /home/dimuthu1/scratch/PPMI_project2/derivatives/analysis/smoothed/gradients/projections/cortex/sub-3118_month12_ctx_R_aligned_grad.func.gii, /home/dimuthu1/scratch/PPMI_project2/derivatives/analysis/smoothed/gradients/projections/cortex/sub-3119_month12_ctx_R_aligned_grad.func.gii, /home/dimuthu1/scratch/PPMI_project2/derivatives/analysis/smoothed/gradients/projections/cortex/sub-3120_month12_ctx_R_aligned_grad.func.gii, /home/dimuthu1/scratch/PPMI_project2/derivatives/analysis/smoothed/gradients/projections/cortex/sub-3124_month12_ctx_R_aligned_grad.func.gii, /home/dimuthu1/scratch/PPMI_project2/derivatives/analysis/smoothed/gradients/projections/cortex/sub-3125_month12_ctx_R_aligned_grad.func.gii, /home/dimuthu1/scratch/PPMI_project2/derivatives/analysis/smoothed/gradients/projections/cortex/sub-3131_month12_ctx_R_aligned_grad.func.gii, /home/dimuthu1/scratch/PPMI_project2/derivatives/analysis/smoothed/gradients/projections/cortex/sub-3132_month12_ctx_R_aligned_grad.func.gii, /home/dimuthu1/scratch/PPMI_project2/derivatives/analysis/smoothed/gradients/projections/cortex/sub-3372_month12_ctx_R_aligned_grad.func.gii, /home/dimuthu1/scratch/PPMI_project2/derivatives/analysis/smoothed/gradients/projections/cortex/sub-3373_month12_ctx_R_aligned_grad.func.gii, /home/dimuthu1/scratch/PPMI_project2/derivatives/analysis/smoothed/gradients/projections/cortex/sub-3375_month12_ctx_R_aligned_grad.func.gii, /home/dimuthu1/scratch/PPMI_project2/derivatives/analysis/smoothed/gradients/projections/cortex/sub-3377_month12_ctx_R_aligned_grad.func.gii, /home/dimuthu1/scratch/PPMI_project2/derivatives/analysis/smoothed/gradients/projections/cortex/sub-3378_month12_ctx_R_aligned_grad.func.gii, /home/dimuthu1/scratch/PPMI_project2/derivatives/analysis/smoothed/gradients/projections/cortex/sub-3380_month12_ctx_R_aligned_grad.func.gii, /home/dimuthu1/scratch/PPMI_project2/derivatives/analysis/smoothed/gradients/projections/cortex/sub-3386_month12_ctx_R_aligned_grad.func.gii, /home/dimuthu1/scratch/PPMI_project2/derivatives/analysis/smoothed/gradients/projections/cortex/sub-3392_month12_ctx_R_aligned_grad.func.gii, /home/dimuthu1/scratch/PPMI_project2/derivatives/analysis/smoothed/gradients/projections/cortex/sub-3593_month12_ctx_R_aligned_grad.func.gii, /home/dimuthu1/scratch/PPMI_project2/derivatives/analysis/smoothed/gradients/projections/cortex/sub-3758_month12_ctx_R_aligned_grad.func.gii, /home/dimuthu1/scratch/PPMI_project2/derivatives/analysis/smoothed/gradients/projections/cortex/sub-3760_month12_ctx_R_aligned_grad.func.gii, /home/dimuthu1/scratch/PPMI_project2/derivatives/analysis/smoothed/gradients/projections/cortex/sub-3771_month12_ctx_R_aligned_grad.func.gii, /home/dimuthu1/scratch/PPMI_project2/derivatives/analysis/smoothed/gradients/projections/cortex/sub-3819_month12_ctx_R_aligned_grad.func.gii, /home/dimuthu1/scratch/PPMI_project2/derivatives/analysis/smoothed/gradients/projections/cortex/sub-3822_month12_ctx_R_aligned_grad.func.gii, /home/dimuthu1/scratch/PPMI_project2/derivatives/analysis/smoothed/gradients/projections/cortex/sub-3823_month12_ctx_R_aligned_grad.func.gii, /home/dimuthu1/scratch/PPMI_project2/derivatives/analysis/smoothed/gradients/projections/cortex/sub-3824_month12_ctx_R_aligned_grad.func.gii, /home/dimuthu1/scratch/PPMI_project2/derivatives/analysis/smoothed/gradients/projections/cortex/sub-3825_month12_ctx_R_aligned_grad.func.gii, /home/dimuthu1/scratch/PPMI_project2/derivatives/analysis/smoothed/gradients/projections/cortex/sub-3826_month12_ctx_R_aligned_grad.func.gii, /home/dimuthu1/scratch/PPMI_project2/derivatives/analysis/smoothed/gradients/projections/cortex/sub-3828_month12_ctx_R_aligned_grad.func.gii, /home/dimuthu1/scratch/PPMI_project2/derivatives/analysis/smoothed/gradients/projections/cortex/sub-3829_month12_ctx_R_aligned_grad.func.gii, /home/dimuthu1/scratch/PPMI_project2/derivatives/analysis/smoothed/gradients/projections/cortex/sub-3831_month12_ctx_R_aligned_grad.func.gii, /home/dimuthu1/scratch/PPMI_project2/derivatives/analysis/smoothed/gradients/projections/cortex/sub-3832_month12_ctx_R_aligned_grad.func.gii, /home/dimuthu1/scratch/PPMI_project2/derivatives/analysis/smoothed/gradients/projections/cortex/sub-3834_month12_ctx_R_aligned_grad.func.gii, /home/dimuthu1/scratch/PPMI_project2/derivatives/analysis/smoothed/gradients/projections/cortex/sub-3835_month12_ctx_R_aligned_grad.func.gii, /home/dimuthu1/scratch/PPMI_project2/derivatives/analysis/smoothed/gradients/projections/cortex/sub-4021_month12_ctx_R_aligned_grad.func.gii, /home/dimuthu1/scratch/PPMI_project2/derivatives/analysis/smoothed/gradients/projections/cortex/sub-4022_month12_ctx_R_aligned_grad.func.gii, /home/dimuthu1/scratch/PPMI_project2/derivatives/analysis/smoothed/gradients/projections/cortex/sub-4030_month12_ctx_R_aligned_grad.func.gii, /home/dimuthu1/scratch/PPMI_project2/derivatives/analysis/smoothed/gradients/projections/cortex/sub-4034_month12_ctx_R_aligned_grad.func.gii, /home/dimuthu1/scratch/PPMI_project2/derivatives/analysis/smoothed/gradients/projections/cortex/sub-4035_month12_ctx_R_aligned_grad.func.gii, /home/dimuthu1/scratch/PPMI_project2/derivatives/analysis/smoothed/gradients/projections/cortex/sub-4038_month12_ctx_R_aligned_grad.func.gii, /home/dimuthu1/scratch/PPMI_project2/derivatives/analysis/smoothed/gradients/projections/cortex/month12_ctx_L_mean_grad.func.gii, /home/dimuthu1/scratch/PPMI_project2/derivatives/analysis/smoothed/gradients/projections/cortex/month12_ctx_R_mean_grad.func.gii, /home/dimuthu1/scratch/PPMI_project2/derivatives/analysis/smoothed/gradients/projections/sbctx/sub-3118_month12_sbctx_L_aligned_grad3_image.dscalar.nii, /home/dimuthu1/scratch/PPMI_project2/derivatives/analysis/smoothed/gradients/projections/sbctx/sub-3119_month12_sbctx_L_aligned_grad3_image.dscalar.nii, /home/dimuthu1/scratch/PPMI_project2/derivatives/analysis/smoothed/gradients/projections/sbctx/sub-3120_month12_sbctx_L_aligned_grad3_image.dscalar.nii, /home/dimuthu1/scratch/PPMI_project2/derivatives/analysis/smoothed/gradients/projections/sbctx/sub-3124_month12_sbctx_L_aligned_grad3_image.dscalar.nii, /home/dimuthu1/scratch/PPMI_project2/derivatives/analysis/smoothed/gradients/projections/sbctx/sub-3125_month12_sbctx_L_aligned_grad3_image.dscalar.nii, /home/dimuthu1/scratch/PPMI_project2/derivatives/analysis/smoothed/gradients/projections/sbctx/sub-3131_month12_sbctx_L_aligned_grad3_image.dscalar.nii, /home/dimuthu1/scratch/PPMI_project2/derivatives/analysis/smoothed/gradients/projections/sbctx/sub-3132_month12_sbctx_L_aligned_grad3_image.dscalar.nii, /home/dimuthu1/scratch/PPMI_project2/derivatives/analysis/smoothed/gradients/projections/sbctx/sub-3372_month12_sbctx_L_aligned_grad3_image.dscalar.nii, /home/dimuthu1/scratch/PPMI_project2/derivatives/analysis/smoothed/gradients/projections/sbctx/sub-3373_month12_sbctx_L_aligned_grad3_image.dscalar.nii, /home/dimuthu1/scratch/PPMI_project2/derivatives/analysis/smoothed/gradients/projections/sbctx/sub-3375_month12_sbctx_L_aligned_grad3_image.dscalar.nii, /home/dimuthu1/scratch/PPMI_project2/derivatives/analysis/smoothed/gradients/projections/sbctx/sub-3377_month12_sbctx_L_aligned_grad3_image.dscalar.nii, /home/dimuthu1/scratch/PPMI_project2/derivatives/analysis/smoothed/gradients/projections/sbctx/sub-3378_month12_sbctx_L_aligned_grad3_image.dscalar.nii, /home/dimuthu1/scratch/PPMI_project2/derivatives/analysis/smoothed/gradients/projections/sbctx/sub-3380_month12_sbctx_L_aligned_grad3_image.dscalar.nii, /home/dimuthu1/scratch/PPMI_project2/derivatives/analysis/smoothed/gradients/projections/sbctx/sub-3386_month12_sbctx_L_aligned_grad3_image.dscalar.nii, /home/dimuthu1/scratch/PPMI_project2/derivatives/analysis/smoothed/gradients/projections/sbctx/sub-3392_month12_sbctx_L_aligned_grad3_image.dscalar.nii, /home/dimuthu1/scratch/PPMI_project2/derivatives/analysis/smoothed/gradients/projections/sbctx/sub-3593_month12_sbctx_L_aligned_grad3_image.dscalar.nii, /home/dimuthu1/scratch/PPMI_project2/derivatives/analysis/smoothed/gradients/projections/sbctx/sub-3758_month12_sbctx_L_aligned_grad3_image.dscalar.nii, /home/dimuthu1/scratch/PPMI_project2/derivatives/analysis/smoothed/gradients/projections/sbctx/sub-3760_month12_sbctx_L_aligned_grad3_image.dscalar.nii, /home/dimuthu1/scratch/PPMI_project2/derivatives/analysis/smoothed/gradients/projections/sbctx/sub-3771_month12_sbctx_L_aligned_grad3_image.dscalar.nii, /home/dimuthu1/scratch/PPMI_project2/derivatives/analysis/smoothed/gradients/projections/sbctx/sub-3819_month12_sbctx_L_aligned_grad3_image.dscalar.nii, /home/dimuthu1/scratch/PPMI_project2/derivatives/analysis/smoothed/gradients/projections/sbctx/sub-3822_month12_sbctx_L_aligned_grad3_image.dscalar.nii, /home/dimuthu1/scratch/PPMI_project2/derivatives/analysis/smoothed/gradients/projections/sbctx/sub-3823_month12_sbctx_L_aligned_grad3_image.dscalar.nii, /home/dimuthu1/scratch/PPMI_project2/derivatives/analysis/smoothed/gradients/projections/sbctx/sub-3824_month12_sbctx_L_aligned_grad3_image.dscalar.nii, /home/dimuthu1/scratch/PPMI_project2/derivatives/analysis/smoothed/gradients/projections/sbctx/sub-3825_month12_sbctx_L_aligned_grad3_image.dscalar.nii, /home/dimuthu1/scratch/PPMI_project2/derivatives/analysis/smoothed/gradients/projections/sbctx/sub-3826_month12_sbctx_L_aligned_grad3_image.dscalar.nii, /home/dimuthu1/scratch/PPMI_project2/derivatives/analysis/smoothed/gradients/projections/sbctx/sub-3828_month12_sbctx_L_aligned_grad3_image.dscalar.nii, /home/dimuthu1/scratch/PPMI_project2/derivatives/analysis/smoothed/gradients/projections/sbctx/sub-3829_month12_sbctx_L_aligned_grad3_image.dscalar.nii, /home/dimuthu1/scratch/PPMI_project2/derivatives/analysis/smoothed/gradients/projections/sbctx/sub-3831_month12_sbctx_L_aligned_grad3_image.dscalar.nii, /home/dimuthu1/scratch/PPMI_project2/derivatives/analysis/smoothed/gradients/projections/sbctx/sub-3832_month12_sbctx_L_aligned_grad3_image.dscalar.nii, /home/dimuthu1/scratch/PPMI_project2/derivatives/analysis/smoothed/gradients/projections/sbctx/sub-3834_month12_sbctx_L_aligned_grad3_image.dscalar.nii, /home/dimuthu1/scratch/PPMI_project2/derivatives/analysis/smoothed/gradients/projections/sbctx/sub-3835_month12_sbctx_L_aligned_grad3_image.dscalar.nii, /home/dimuthu1/scratch/PPMI_project2/derivatives/analysis/smoothed/gradients/projections/sbctx/sub-4021_month12_sbctx_L_aligned_grad3_image.dscalar.nii, /home/dimuthu1/scratch/PPMI_project2/derivatives/analysis/smoothed/gradients/projections/sbctx/sub-4022_month12_sbctx_L_aligned_grad3_image.dscalar.nii, /home/dimuthu1/scratch/PPMI_project2/derivatives/analysis/smoothed/gradients/projections/sbctx/sub-4030_month12_sbctx_L_aligned_grad3_image.dscalar.nii, /home/dimuthu1/scratch/PPMI_project2/derivatives/analysis/smoothed/gradients/projections/sbctx/sub-4034_month12_sbctx_L_aligned_grad3_image.dscalar.nii, /home/dimuthu1/scratch/PPMI_project2/derivatives/analysis/smoothed/gradients/projections/sbctx/sub-4035_month12_sbctx_L_aligned_grad3_image.dscalar.nii, /home/dimuthu1/scratch/PPMI_project2/derivatives/analysis/smoothed/gradients/projections/sbctx/sub-4038_month12_sbctx_L_aligned_grad3_image.dscalar.nii, /home/dimuthu1/scratch/PPMI_project2/derivatives/analysis/smoothed/gradients/projections/sbctx/sub-3118_month12_sbctx_R_aligned_grad3_image.dscalar.nii, /home/dimuthu1/scratch/PPMI_project2/derivatives/analysis/smoothed/gradients/projections/sbctx/sub-3119_month12_sbctx_R_aligned_grad3_image.dscalar.nii, /home/dimuthu1/scratch/PPMI_project2/derivatives/analysis/smoothed/gradients/projections/sbctx/sub-3120_month12_sbctx_R_aligned_grad3_image.dscalar.nii, /home/dimuthu1/scratch/PPMI_project2/derivatives/analysis/smoothed/gradients/projections/sbctx/sub-3124_month12_sbctx_R_aligned_grad3_image.dscalar.nii, /home/dimuthu1/scratch/PPMI_project2/derivatives/analysis/smoothed/gradients/projections/sbctx/sub-3125_month12_sbctx_R_aligned_grad3_image.dscalar.nii, /home/dimuthu1/scratch/PPMI_project2/derivatives/analysis/smoothed/gradients/projections/sbctx/sub-3131_month12_sbctx_R_aligned_grad3_image.dscalar.nii, /home/dimuthu1/scratch/PPMI_project2/derivatives/analysis/smoothed/gradients/projections/sbctx/sub-3132_month12_sbctx_R_aligned_grad3_image.dscalar.nii, /home/dimuthu1/scratch/PPMI_project2/derivatives/analysis/smoothed/gradients/projections/sbctx/sub-3372_month12_sbctx_R_aligned_grad3_image.dscalar.nii, /home/dimuthu1/scratch/PPMI_project2/derivatives/analysis/smoothed/gradients/projections/sbctx/sub-3373_month12_sbctx_R_aligned_grad3_image.dscalar.nii, /home/dimuthu1/scratch/PPMI_project2/derivatives/analysis/smoothed/gradients/projections/sbctx/sub-3375_month12_sbctx_R_aligned_grad3_image.dscalar.nii, /home/dimuthu1/scratch/PPMI_project2/derivatives/analysis/smoothed/gradients/projections/sbctx/sub-3377_month12_sbctx_R_aligned_grad3_image.dscalar.nii, /home/dimuthu1/scratch/PPMI_project2/derivatives/analysis/smoothed/gradients/projections/sbctx/sub-3378_month12_sbctx_R_aligned_grad3_image.dscalar.nii, /home/dimuthu1/scratch/PPMI_project2/derivatives/analysis/smoothed/gradients/projections/sbctx/sub-3380_month12_sbctx_R_aligned_grad3_image.dscalar.nii, /home/dimuthu1/scratch/PPMI_project2/derivatives/analysis/smoothed/gradients/projections/sbctx/sub-3386_month12_sbctx_R_aligned_grad3_image.dscalar.nii, /home/dimuthu1/scratch/PPMI_project2/derivatives/analysis/smoothed/gradients/projections/sbctx/sub-3392_month12_sbctx_R_aligned_grad3_image.dscalar.nii, /home/dimuthu1/scratch/PPMI_project2/derivatives/analysis/smoothed/gradients/projections/sbctx/sub-3593_month12_sbctx_R_aligned_grad3_image.dscalar.nii, /home/dimuthu1/scratch/PPMI_project2/derivatives/analysis/smoothed/gradients/projections/sbctx/sub-3758_month12_sbctx_R_aligned_grad3_image.dscalar.nii, /home/dimuthu1/scratch/PPMI_project2/derivatives/analysis/smoothed/gradients/projections/sbctx/sub-3760_month12_sbctx_R_aligned_grad3_image.dscalar.nii, /home/dimuthu1/scratch/PPMI_project2/derivatives/analysis/smoothed/gradients/projections/sbctx/sub-3771_month12_sbctx_R_aligned_grad3_image.dscalar.nii, /home/dimuthu1/scratch/PPMI_project2/derivatives/analysis/smoothed/gradients/projections/sbctx/sub-3819_month12_sbctx_R_aligned_grad3_image.dscalar.nii, /home/dimuthu1/scratch/PPMI_project2/derivatives/analysis/smoothed/gradients/projections/sbctx/sub-3822_month12_sbctx_R_aligned_grad3_image.dscalar.nii, /home/dimuthu1/scratch/PPMI_project2/derivatives/analysis/smoothed/gradients/projections/sbctx/sub-3823_month12_sbctx_R_aligned_grad3_image.dscalar.nii, /home/dimuthu1/scratch/PPMI_project2/derivatives/analysis/smoothed/gradients/projections/sbctx/sub-3824_month12_sbctx_R_aligned_grad3_image.dscalar.nii, /home/dimuthu1/scratch/PPMI_project2/derivatives/analysis/smoothed/gradients/projections/sbctx/sub-3825_month12_sbctx_R_aligned_grad3_image.dscalar.nii, /home/dimuthu1/scratch/PPMI_project2/derivatives/analysis/smoothed/gradients/projections/sbctx/sub-3826_month12_sbctx_R_aligned_grad3_image.dscalar.nii, /home/dimuthu1/scratch/PPMI_project2/derivatives/analysis/smoothed/gradients/projections/sbctx/sub-3828_month12_sbctx_R_aligned_grad3_image.dscalar.nii, /home/dimuthu1/scratch/PPMI_project2/derivatives/analysis/smoothed/gradients/projections/sbctx/sub-3829_month12_sbctx_R_aligned_grad3_image.dscalar.nii, /home/dimuthu1/scratch/PPMI_project2/derivatives/analysis/smoothed/gradients/projections/sbctx/sub-3831_month12_sbctx_R_aligned_grad3_image.dscalar.nii, /home/dimuthu1/scratch/PPMI_project2/derivatives/analysis/smoothed/gradients/projections/sbctx/sub-3832_month12_sbctx_R_aligned_grad3_image.dscalar.nii, /home/dimuthu1/scratch/PPMI_project2/derivatives/analysis/smoothed/gradients/projections/sbctx/sub-3834_month12_sbctx_R_aligned_grad3_image.dscalar.nii, /home/dimuthu1/scratch/PPMI_project2/derivatives/analysis/smoothed/gradients/projections/sbctx/sub-3835_month12_sbctx_R_aligned_grad3_image.dscalar.nii, /home/dimuthu1/scratch/PPMI_project2/derivatives/analysis/smoothed/gradients/projections/sbctx/sub-4021_month12_sbctx_R_aligned_grad3_image.dscalar.nii, /home/dimuthu1/scratch/PPMI_project2/derivatives/analysis/smoothed/gradients/projections/sbctx/sub-4022_month12_sbctx_R_aligned_grad3_image.dscalar.nii, /home/dimuthu1/scratch/PPMI_project2/derivatives/analysis/smoothed/gradients/projections/sbctx/sub-4030_month12_sbctx_R_aligned_grad3_image.dscalar.nii, /home/dimuthu1/scratch/PPMI_project2/derivatives/analysis/smoothed/gradients/projections/sbctx/sub-4034_month12_sbctx_R_aligned_grad3_image.dscalar.nii, /home/dimuthu1/scratch/PPMI_project2/derivatives/analysis/smoothed/gradients/projections/sbctx/sub-4035_month12_sbctx_R_aligned_grad3_image.dscalar.nii, /home/dimuthu1/scratch/PPMI_project2/derivatives/analysis/smoothed/gradients/projections/sbctx/sub-4038_month12_sbctx_R_aligned_grad3_image.dscalar.nii
    jobid: 0
    resources: mem_mb=4000, time=30

pixdim[1,2,3] should be non-zero; setting 0 dims to 1
(91282,)
(1905,)
/home/dimuthu1/scratch/PPMI_project2/derivatives/analysis/smoothed/gradients/projections/sbctx/sub-3118_month12_sbctx_R_aligned_grad3_image.dscalar.nii
(91282,)
(1905,)
/home/dimuthu1/scratch/PPMI_project2/derivatives/analysis/smoothed/gradients/projections/sbctx/sub-3119_month12_sbctx_R_aligned_grad3_image.dscalar.nii
(91282,)
(1905,)
/home/dimuthu1/scratch/PPMI_project2/derivatives/analysis/smoothed/gradients/projections/sbctx/sub-3120_month12_sbctx_R_aligned_grad3_image.dscalar.nii
(91282,)
(1905,)
/home/dimuthu1/scratch/PPMI_project2/derivatives/analysis/smoothed/gradients/projections/sbctx/sub-3124_month12_sbctx_R_aligned_grad3_image.dscalar.nii
(91282,)
(1905,)
/home/dimuthu1/scratch/PPMI_project2/derivatives/analysis/smoothed/gradients/projections/sbctx/sub-3125_month12_sbctx_R_aligned_grad3_image.dscalar.nii
(91282,)
(1905,)
/home/dimuthu1/scratch/PPMI_project2/derivatives/analysis/smoothed/gradients/projections/sbctx/sub-3131_month12_sbctx_R_aligned_grad3_image.dscalar.nii
(91282,)
(1905,)
/home/dimuthu1/scratch/PPMI_project2/derivatives/analysis/smoothed/gradients/projections/sbctx/sub-3132_month12_sbctx_R_aligned_grad3_image.dscalar.nii
(91282,)
(1905,)
/home/dimuthu1/scratch/PPMI_project2/derivatives/analysis/smoothed/gradients/projections/sbctx/sub-3372_month12_sbctx_R_aligned_grad3_image.dscalar.nii
(91282,)
(1905,)
/home/dimuthu1/scratch/PPMI_project2/derivatives/analysis/smoothed/gradients/projections/sbctx/sub-3373_month12_sbctx_R_aligned_grad3_image.dscalar.nii
(91282,)
(1905,)
/home/dimuthu1/scratch/PPMI_project2/derivatives/analysis/smoothed/gradients/projections/sbctx/sub-3375_month12_sbctx_R_aligned_grad3_image.dscalar.nii
(91282,)
(1905,)
/home/dimuthu1/scratch/PPMI_project2/derivatives/analysis/smoothed/gradients/projections/sbctx/sub-3377_month12_sbctx_R_aligned_grad3_image.dscalar.nii
(91282,)
(1905,)
/home/dimuthu1/scratch/PPMI_project2/derivatives/analysis/smoothed/gradients/projections/sbctx/sub-3378_month12_sbctx_R_aligned_grad3_image.dscalar.nii
(91282,)
(1905,)
/home/dimuthu1/scratch/PPMI_project2/derivatives/analysis/smoothed/gradients/projections/sbctx/sub-3380_month12_sbctx_R_aligned_grad3_image.dscalar.nii
(91282,)
(1905,)
/home/dimuthu1/scratch/PPMI_project2/derivatives/analysis/smoothed/gradients/projections/sbctx/sub-3386_month12_sbctx_R_aligned_grad3_image.dscalar.nii
(91282,)
(1905,)
/home/dimuthu1/scratch/PPMI_project2/derivatives/analysis/smoothed/gradients/projections/sbctx/sub-3392_month12_sbctx_R_aligned_grad3_image.dscalar.nii
(91282,)
(1905,)
/home/dimuthu1/scratch/PPMI_project2/derivatives/analysis/smoothed/gradients/projections/sbctx/sub-3593_month12_sbctx_R_aligned_grad3_image.dscalar.nii
(91282,)
(1905,)
/home/dimuthu1/scratch/PPMI_project2/derivatives/analysis/smoothed/gradients/projections/sbctx/sub-3758_month12_sbctx_R_aligned_grad3_image.dscalar.nii
(91282,)
(1905,)
/home/dimuthu1/scratch/PPMI_project2/derivatives/analysis/smoothed/gradients/projections/sbctx/sub-3760_month12_sbctx_R_aligned_grad3_image.dscalar.nii
(91282,)
(1905,)
/home/dimuthu1/scratch/PPMI_project2/derivatives/analysis/smoothed/gradients/projections/sbctx/sub-3771_month12_sbctx_R_aligned_grad3_image.dscalar.nii
(91282,)
(1905,)
/home/dimuthu1/scratch/PPMI_project2/derivatives/analysis/smoothed/gradients/projections/sbctx/sub-3819_month12_sbctx_R_aligned_grad3_image.dscalar.nii
(91282,)
(1905,)
/home/dimuthu1/scratch/PPMI_project2/derivatives/analysis/smoothed/gradients/projections/sbctx/sub-3822_month12_sbctx_R_aligned_grad3_image.dscalar.nii
(91282,)
(1905,)
/home/dimuthu1/scratch/PPMI_project2/derivatives/analysis/smoothed/gradients/projections/sbctx/sub-3823_month12_sbctx_R_aligned_grad3_image.dscalar.nii
(91282,)
(1905,)
/home/dimuthu1/scratch/PPMI_project2/derivatives/analysis/smoothed/gradients/projections/sbctx/sub-3824_month12_sbctx_R_aligned_grad3_image.dscalar.nii
(91282,)
(1905,)
/home/dimuthu1/scratch/PPMI_project2/derivatives/analysis/smoothed/gradients/projections/sbctx/sub-3825_month12_sbctx_R_aligned_grad3_image.dscalar.nii
(91282,)
(1905,)
/home/dimuthu1/scratch/PPMI_project2/derivatives/analysis/smoothed/gradients/projections/sbctx/sub-3826_month12_sbctx_R_aligned_grad3_image.dscalar.nii
(91282,)
(1905,)
/home/dimuthu1/scratch/PPMI_project2/derivatives/analysis/smoothed/gradients/projections/sbctx/sub-3828_month12_sbctx_R_aligned_grad3_image.dscalar.nii
(91282,)
(1905,)
/home/dimuthu1/scratch/PPMI_project2/derivatives/analysis/smoothed/gradients/projections/sbctx/sub-3829_month12_sbctx_R_aligned_grad3_image.dscalar.nii
(91282,)
(1905,)
/home/dimuthu1/scratch/PPMI_project2/derivatives/analysis/smoothed/gradients/projections/sbctx/sub-3831_month12_sbctx_R_aligned_grad3_image.dscalar.nii
(91282,)
(1905,)
/home/dimuthu1/scratch/PPMI_project2/derivatives/analysis/smoothed/gradients/projections/sbctx/sub-3832_month12_sbctx_R_aligned_grad3_image.dscalar.nii
(91282,)
(1905,)
/home/dimuthu1/scratch/PPMI_project2/derivatives/analysis/smoothed/gradients/projections/sbctx/sub-3834_month12_sbctx_R_aligned_grad3_image.dscalar.nii
(91282,)
(1905,)
/home/dimuthu1/scratch/PPMI_project2/derivatives/analysis/smoothed/gradients/projections/sbctx/sub-3835_month12_sbctx_R_aligned_grad3_image.dscalar.nii
(91282,)
(1905,)
/home/dimuthu1/scratch/PPMI_project2/derivatives/analysis/smoothed/gradients/projections/sbctx/sub-4021_month12_sbctx_R_aligned_grad3_image.dscalar.nii
(91282,)
(1905,)
/home/dimuthu1/scratch/PPMI_project2/derivatives/analysis/smoothed/gradients/projections/sbctx/sub-4022_month12_sbctx_R_aligned_grad3_image.dscalar.nii
(91282,)
(1905,)
/home/dimuthu1/scratch/PPMI_project2/derivatives/analysis/smoothed/gradients/projections/sbctx/sub-4030_month12_sbctx_R_aligned_grad3_image.dscalar.nii
(91282,)
(1905,)
/home/dimuthu1/scratch/PPMI_project2/derivatives/analysis/smoothed/gradients/projections/sbctx/sub-4034_month12_sbctx_R_aligned_grad3_image.dscalar.nii
(91282,)
(1905,)
/home/dimuthu1/scratch/PPMI_project2/derivatives/analysis/smoothed/gradients/projections/sbctx/sub-4035_month12_sbctx_R_aligned_grad3_image.dscalar.nii
(91282,)
(1905,)
/home/dimuthu1/scratch/PPMI_project2/derivatives/analysis/smoothed/gradients/projections/sbctx/sub-4038_month12_sbctx_R_aligned_grad3_image.dscalar.nii
Waiting at most 240 seconds for missing files.
MissingOutputException in line 175 of /scratch/dimuthu1/PPMI_project2/PPMI_gradients/Snakefile:
Job completed successfully, but some output files are missing. Missing files after 240 seconds:
/home/dimuthu1/scratch/PPMI_project2/derivatives/analysis/smoothed/gradients/projections/sbctx/sub-3118_month12_sbctx_L_aligned_grad3_image.dscalar.nii
/home/dimuthu1/scratch/PPMI_project2/derivatives/analysis/smoothed/gradients/projections/sbctx/sub-3119_month12_sbctx_L_aligned_grad3_image.dscalar.nii
/home/dimuthu1/scratch/PPMI_project2/derivatives/analysis/smoothed/gradients/projections/sbctx/sub-3120_month12_sbctx_L_aligned_grad3_image.dscalar.nii
/home/dimuthu1/scratch/PPMI_project2/derivatives/analysis/smoothed/gradients/projections/sbctx/sub-3124_month12_sbctx_L_aligned_grad3_image.dscalar.nii
/home/dimuthu1/scratch/PPMI_project2/derivatives/analysis/smoothed/gradients/projections/sbctx/sub-3125_month12_sbctx_L_aligned_grad3_image.dscalar.nii
/home/dimuthu1/scratch/PPMI_project2/derivatives/analysis/smoothed/gradients/projections/sbctx/sub-3131_month12_sbctx_L_aligned_grad3_image.dscalar.nii
/home/dimuthu1/scratch/PPMI_project2/derivatives/analysis/smoothed/gradients/projections/sbctx/sub-3132_month12_sbctx_L_aligned_grad3_image.dscalar.nii
/home/dimuthu1/scratch/PPMI_project2/derivatives/analysis/smoothed/gradients/projections/sbctx/sub-3372_month12_sbctx_L_aligned_grad3_image.dscalar.nii
/home/dimuthu1/scratch/PPMI_project2/derivatives/analysis/smoothed/gradients/projections/sbctx/sub-3373_month12_sbctx_L_aligned_grad3_image.dscalar.nii
/home/dimuthu1/scratch/PPMI_project2/derivatives/analysis/smoothed/gradients/projections/sbctx/sub-3375_month12_sbctx_L_aligned_grad3_image.dscalar.nii
/home/dimuthu1/scratch/PPMI_project2/derivatives/analysis/smoothed/gradients/projections/sbctx/sub-3377_month12_sbctx_L_aligned_grad3_image.dscalar.nii
/home/dimuthu1/scratch/PPMI_project2/derivatives/analysis/smoothed/gradients/projections/sbctx/sub-3378_month12_sbctx_L_aligned_grad3_image.dscalar.nii
/home/dimuthu1/scratch/PPMI_project2/derivatives/analysis/smoothed/gradients/projections/sbctx/sub-3380_month12_sbctx_L_aligned_grad3_image.dscalar.nii
/home/dimuthu1/scratch/PPMI_project2/derivatives/analysis/smoothed/gradients/projections/sbctx/sub-3386_month12_sbctx_L_aligned_grad3_image.dscalar.nii
/home/dimuthu1/scratch/PPMI_project2/derivatives/analysis/smoothed/gradients/projections/sbctx/sub-3392_month12_sbctx_L_aligned_grad3_image.dscalar.nii
/home/dimuthu1/scratch/PPMI_project2/derivatives/analysis/smoothed/gradients/projections/sbctx/sub-3593_month12_sbctx_L_aligned_grad3_image.dscalar.nii
/home/dimuthu1/scratch/PPMI_project2/derivatives/analysis/smoothed/gradients/projections/sbctx/sub-3758_month12_sbctx_L_aligned_grad3_image.dscalar.nii
/home/dimuthu1/scratch/PPMI_project2/derivatives/analysis/smoothed/gradients/projections/sbctx/sub-3760_month12_sbctx_L_aligned_grad3_image.dscalar.nii
/home/dimuthu1/scratch/PPMI_project2/derivatives/analysis/smoothed/gradients/projections/sbctx/sub-3771_month12_sbctx_L_aligned_grad3_image.dscalar.nii
/home/dimuthu1/scratch/PPMI_project2/derivatives/analysis/smoothed/gradients/projections/sbctx/sub-3819_month12_sbctx_L_aligned_grad3_image.dscalar.nii
/home/dimuthu1/scratch/PPMI_project2/derivatives/analysis/smoothed/gradients/projections/sbctx/sub-3822_month12_sbctx_L_aligned_grad3_image.dscalar.nii
/home/dimuthu1/scratch/PPMI_project2/derivatives/analysis/smoothed/gradients/projections/sbctx/sub-3823_month12_sbctx_L_aligned_grad3_image.dscalar.nii
/home/dimuthu1/scratch/PPMI_project2/derivatives/analysis/smoothed/gradients/projections/sbctx/sub-3824_month12_sbctx_L_aligned_grad3_image.dscalar.nii
/home/dimuthu1/scratch/PPMI_project2/derivatives/analysis/smoothed/gradients/projections/sbctx/sub-3825_month12_sbctx_L_aligned_grad3_image.dscalar.nii
/home/dimuthu1/scratch/PPMI_project2/derivatives/analysis/smoothed/gradients/projections/sbctx/sub-3826_month12_sbctx_L_aligned_grad3_image.dscalar.nii
/home/dimuthu1/scratch/PPMI_project2/derivatives/analysis/smoothed/gradients/projections/sbctx/sub-3828_month12_sbctx_L_aligned_grad3_image.dscalar.nii
/home/dimuthu1/scratch/PPMI_project2/derivatives/analysis/smoothed/gradients/projections/sbctx/sub-3829_month12_sbctx_L_aligned_grad3_image.dscalar.nii
/home/dimuthu1/scratch/PPMI_project2/derivatives/analysis/smoothed/gradients/projections/sbctx/sub-3831_month12_sbctx_L_aligned_grad3_image.dscalar.nii
/home/dimuthu1/scratch/PPMI_project2/derivatives/analysis/smoothed/gradients/projections/sbctx/sub-3832_month12_sbctx_L_aligned_grad3_image.dscalar.nii
/home/dimuthu1/scratch/PPMI_project2/derivatives/analysis/smoothed/gradients/projections/sbctx/sub-3834_month12_sbctx_L_aligned_grad3_image.dscalar.nii
/home/dimuthu1/scratch/PPMI_project2/derivatives/analysis/smoothed/gradients/projections/sbctx/sub-3835_month12_sbctx_L_aligned_grad3_image.dscalar.nii
/home/dimuthu1/scratch/PPMI_project2/derivatives/analysis/smoothed/gradients/projections/sbctx/sub-4021_month12_sbctx_L_aligned_grad3_image.dscalar.nii
/home/dimuthu1/scratch/PPMI_project2/derivatives/analysis/smoothed/gradients/projections/sbctx/sub-4022_month12_sbctx_L_aligned_grad3_image.dscalar.nii
/home/dimuthu1/scratch/PPMI_project2/derivatives/analysis/smoothed/gradients/projections/sbctx/sub-4030_month12_sbctx_L_aligned_grad3_image.dscalar.nii
/home/dimuthu1/scratch/PPMI_project2/derivatives/analysis/smoothed/gradients/projections/sbctx/sub-4034_month12_sbctx_L_aligned_grad3_image.dscalar.nii
/home/dimuthu1/scratch/PPMI_project2/derivatives/analysis/smoothed/gradients/projections/sbctx/sub-4035_month12_sbctx_L_aligned_grad3_image.dscalar.nii
/home/dimuthu1/scratch/PPMI_project2/derivatives/analysis/smoothed/gradients/projections/sbctx/sub-4038_month12_sbctx_L_aligned_grad3_image.dscalar.nii
This might be due to filesystem latency. If that is the case, consider to increase the wait time with --latency-wait.
Removing output files of failed job get_projection_month12 since they might be corrupted:
/home/dimuthu1/scratch/PPMI_project2/derivatives/analysis/smoothed/gradients/projections/cortex/sub-3118_month12_ctx_L_aligned_grad.func.gii, /home/dimuthu1/scratch/PPMI_project2/derivatives/analysis/smoothed/gradients/projections/cortex/sub-3119_month12_ctx_L_aligned_grad.func.gii, /home/dimuthu1/scratch/PPMI_project2/derivatives/analysis/smoothed/gradients/projections/cortex/sub-3120_month12_ctx_L_aligned_grad.func.gii, /home/dimuthu1/scratch/PPMI_project2/derivatives/analysis/smoothed/gradients/projections/cortex/sub-3124_month12_ctx_L_aligned_grad.func.gii, /home/dimuthu1/scratch/PPMI_project2/derivatives/analysis/smoothed/gradients/projections/cortex/sub-3125_month12_ctx_L_aligned_grad.func.gii, /home/dimuthu1/scratch/PPMI_project2/derivatives/analysis/smoothed/gradients/projections/cortex/sub-3131_month12_ctx_L_aligned_grad.func.gii, /home/dimuthu1/scratch/PPMI_project2/derivatives/analysis/smoothed/gradients/projections/cortex/sub-3132_month12_ctx_L_aligned_grad.func.gii, /home/dimuthu1/scratch/PPMI_project2/derivatives/analysis/smoothed/gradients/projections/cortex/sub-3372_month12_ctx_L_aligned_grad.func.gii, /home/dimuthu1/scratch/PPMI_project2/derivatives/analysis/smoothed/gradients/projections/cortex/sub-3373_month12_ctx_L_aligned_grad.func.gii, /home/dimuthu1/scratch/PPMI_project2/derivatives/analysis/smoothed/gradients/projections/cortex/sub-3375_month12_ctx_L_aligned_grad.func.gii, /home/dimuthu1/scratch/PPMI_project2/derivatives/analysis/smoothed/gradients/projections/cortex/sub-3377_month12_ctx_L_aligned_grad.func.gii, /home/dimuthu1/scratch/PPMI_project2/derivatives/analysis/smoothed/gradients/projections/cortex/sub-3378_month12_ctx_L_aligned_grad.func.gii, /home/dimuthu1/scratch/PPMI_project2/derivatives/analysis/smoothed/gradients/projections/cortex/sub-3380_month12_ctx_L_aligned_grad.func.gii, /home/dimuthu1/scratch/PPMI_project2/derivatives/analysis/smoothed/gradients/projections/cortex/sub-3386_month12_ctx_L_aligned_grad.func.gii, /home/dimuthu1/scratch/PPMI_project2/derivatives/analysis/smoothed/gradients/projections/cortex/sub-3392_month12_ctx_L_aligned_grad.func.gii, /home/dimuthu1/scratch/PPMI_project2/derivatives/analysis/smoothed/gradients/projections/cortex/sub-3593_month12_ctx_L_aligned_grad.func.gii, /home/dimuthu1/scratch/PPMI_project2/derivatives/analysis/smoothed/gradients/projections/cortex/sub-3758_month12_ctx_L_aligned_grad.func.gii, /home/dimuthu1/scratch/PPMI_project2/derivatives/analysis/smoothed/gradients/projections/cortex/sub-3760_month12_ctx_L_aligned_grad.func.gii, /home/dimuthu1/scratch/PPMI_project2/derivatives/analysis/smoothed/gradients/projections/cortex/sub-3771_month12_ctx_L_aligned_grad.func.gii, /home/dimuthu1/scratch/PPMI_project2/derivatives/analysis/smoothed/gradients/projections/cortex/sub-3819_month12_ctx_L_aligned_grad.func.gii, /home/dimuthu1/scratch/PPMI_project2/derivatives/analysis/smoothed/gradients/projections/cortex/sub-3822_month12_ctx_L_aligned_grad.func.gii, /home/dimuthu1/scratch/PPMI_project2/derivatives/analysis/smoothed/gradients/projections/cortex/sub-3823_month12_ctx_L_aligned_grad.func.gii, /home/dimuthu1/scratch/PPMI_project2/derivatives/analysis/smoothed/gradients/projections/cortex/sub-3824_month12_ctx_L_aligned_grad.func.gii, /home/dimuthu1/scratch/PPMI_project2/derivatives/analysis/smoothed/gradients/projections/cortex/sub-3825_month12_ctx_L_aligned_grad.func.gii, /home/dimuthu1/scratch/PPMI_project2/derivatives/analysis/smoothed/gradients/projections/cortex/sub-3826_month12_ctx_L_aligned_grad.func.gii, /home/dimuthu1/scratch/PPMI_project2/derivatives/analysis/smoothed/gradients/projections/cortex/sub-3828_month12_ctx_L_aligned_grad.func.gii, /home/dimuthu1/scratch/PPMI_project2/derivatives/analysis/smoothed/gradients/projections/cortex/sub-3829_month12_ctx_L_aligned_grad.func.gii, /home/dimuthu1/scratch/PPMI_project2/derivatives/analysis/smoothed/gradients/projections/cortex/sub-3831_month12_ctx_L_aligned_grad.func.gii, /home/dimuthu1/scratch/PPMI_project2/derivatives/analysis/smoothed/gradients/projections/cortex/sub-3832_month12_ctx_L_aligned_grad.func.gii, /home/dimuthu1/scratch/PPMI_project2/derivatives/analysis/smoothed/gradients/projections/cortex/sub-3834_month12_ctx_L_aligned_grad.func.gii, /home/dimuthu1/scratch/PPMI_project2/derivatives/analysis/smoothed/gradients/projections/cortex/sub-3835_month12_ctx_L_aligned_grad.func.gii, /home/dimuthu1/scratch/PPMI_project2/derivatives/analysis/smoothed/gradients/projections/cortex/sub-4021_month12_ctx_L_aligned_grad.func.gii, /home/dimuthu1/scratch/PPMI_project2/derivatives/analysis/smoothed/gradients/projections/cortex/sub-4022_month12_ctx_L_aligned_grad.func.gii, /home/dimuthu1/scratch/PPMI_project2/derivatives/analysis/smoothed/gradients/projections/cortex/sub-4030_month12_ctx_L_aligned_grad.func.gii, /home/dimuthu1/scratch/PPMI_project2/derivatives/analysis/smoothed/gradients/projections/cortex/sub-4034_month12_ctx_L_aligned_grad.func.gii, /home/dimuthu1/scratch/PPMI_project2/derivatives/analysis/smoothed/gradients/projections/cortex/sub-4035_month12_ctx_L_aligned_grad.func.gii, /home/dimuthu1/scratch/PPMI_project2/derivatives/analysis/smoothed/gradients/projections/cortex/sub-4038_month12_ctx_L_aligned_grad.func.gii, /home/dimuthu1/scratch/PPMI_project2/derivatives/analysis/smoothed/gradients/projections/cortex/sub-3118_month12_ctx_R_aligned_grad.func.gii, /home/dimuthu1/scratch/PPMI_project2/derivatives/analysis/smoothed/gradients/projections/cortex/sub-3119_month12_ctx_R_aligned_grad.func.gii, /home/dimuthu1/scratch/PPMI_project2/derivatives/analysis/smoothed/gradients/projections/cortex/sub-3120_month12_ctx_R_aligned_grad.func.gii, /home/dimuthu1/scratch/PPMI_project2/derivatives/analysis/smoothed/gradients/projections/cortex/sub-3124_month12_ctx_R_aligned_grad.func.gii, /home/dimuthu1/scratch/PPMI_project2/derivatives/analysis/smoothed/gradients/projections/cortex/sub-3125_month12_ctx_R_aligned_grad.func.gii, /home/dimuthu1/scratch/PPMI_project2/derivatives/analysis/smoothed/gradients/projections/cortex/sub-3131_month12_ctx_R_aligned_grad.func.gii, /home/dimuthu1/scratch/PPMI_project2/derivatives/analysis/smoothed/gradients/projections/cortex/sub-3132_month12_ctx_R_aligned_grad.func.gii, /home/dimuthu1/scratch/PPMI_project2/derivatives/analysis/smoothed/gradients/projections/cortex/sub-3372_month12_ctx_R_aligned_grad.func.gii, /home/dimuthu1/scratch/PPMI_project2/derivatives/analysis/smoothed/gradients/projections/cortex/sub-3373_month12_ctx_R_aligned_grad.func.gii, /home/dimuthu1/scratch/PPMI_project2/derivatives/analysis/smoothed/gradients/projections/cortex/sub-3375_month12_ctx_R_aligned_grad.func.gii, /home/dimuthu1/scratch/PPMI_project2/derivatives/analysis/smoothed/gradients/projections/cortex/sub-3377_month12_ctx_R_aligned_grad.func.gii, /home/dimuthu1/scratch/PPMI_project2/derivatives/analysis/smoothed/gradients/projections/cortex/sub-3378_month12_ctx_R_aligned_grad.func.gii, /home/dimuthu1/scratch/PPMI_project2/derivatives/analysis/smoothed/gradients/projections/cortex/sub-3380_month12_ctx_R_aligned_grad.func.gii, /home/dimuthu1/scratch/PPMI_project2/derivatives/analysis/smoothed/gradients/projections/cortex/sub-3386_month12_ctx_R_aligned_grad.func.gii, /home/dimuthu1/scratch/PPMI_project2/derivatives/analysis/smoothed/gradients/projections/cortex/sub-3392_month12_ctx_R_aligned_grad.func.gii, /home/dimuthu1/scratch/PPMI_project2/derivatives/analysis/smoothed/gradients/projections/cortex/sub-3593_month12_ctx_R_aligned_grad.func.gii, /home/dimuthu1/scratch/PPMI_project2/derivatives/analysis/smoothed/gradients/projections/cortex/sub-3758_month12_ctx_R_aligned_grad.func.gii, /home/dimuthu1/scratch/PPMI_project2/derivatives/analysis/smoothed/gradients/projections/cortex/sub-3760_month12_ctx_R_aligned_grad.func.gii, /home/dimuthu1/scratch/PPMI_project2/derivatives/analysis/smoothed/gradients/projections/cortex/sub-3771_month12_ctx_R_aligned_grad.func.gii, /home/dimuthu1/scratch/PPMI_project2/derivatives/analysis/smoothed/gradients/projections/cortex/sub-3819_month12_ctx_R_aligned_grad.func.gii, /home/dimuthu1/scratch/PPMI_project2/derivatives/analysis/smoothed/gradients/projections/cortex/sub-3822_month12_ctx_R_aligned_grad.func.gii, /home/dimuthu1/scratch/PPMI_project2/derivatives/analysis/smoothed/gradients/projections/cortex/sub-3823_month12_ctx_R_aligned_grad.func.gii, /home/dimuthu1/scratch/PPMI_project2/derivatives/analysis/smoothed/gradients/projections/cortex/sub-3824_month12_ctx_R_aligned_grad.func.gii, /home/dimuthu1/scratch/PPMI_project2/derivatives/analysis/smoothed/gradients/projections/cortex/sub-3825_month12_ctx_R_aligned_grad.func.gii, /home/dimuthu1/scratch/PPMI_project2/derivatives/analysis/smoothed/gradients/projections/cortex/sub-3826_month12_ctx_R_aligned_grad.func.gii, /home/dimuthu1/scratch/PPMI_project2/derivatives/analysis/smoothed/gradients/projections/cortex/sub-3828_month12_ctx_R_aligned_grad.func.gii, /home/dimuthu1/scratch/PPMI_project2/derivatives/analysis/smoothed/gradients/projections/cortex/sub-3829_month12_ctx_R_aligned_grad.func.gii, /home/dimuthu1/scratch/PPMI_project2/derivatives/analysis/smoothed/gradients/projections/cortex/sub-3831_month12_ctx_R_aligned_grad.func.gii, /home/dimuthu1/scratch/PPMI_project2/derivatives/analysis/smoothed/gradients/projections/cortex/sub-3832_month12_ctx_R_aligned_grad.func.gii, /home/dimuthu1/scratch/PPMI_project2/derivatives/analysis/smoothed/gradients/projections/cortex/sub-3834_month12_ctx_R_aligned_grad.func.gii, /home/dimuthu1/scratch/PPMI_project2/derivatives/analysis/smoothed/gradients/projections/cortex/sub-3835_month12_ctx_R_aligned_grad.func.gii, /home/dimuthu1/scratch/PPMI_project2/derivatives/analysis/smoothed/gradients/projections/cortex/sub-4021_month12_ctx_R_aligned_grad.func.gii, /home/dimuthu1/scratch/PPMI_project2/derivatives/analysis/smoothed/gradients/projections/cortex/sub-4022_month12_ctx_R_aligned_grad.func.gii, /home/dimuthu1/scratch/PPMI_project2/derivatives/analysis/smoothed/gradients/projections/cortex/sub-4030_month12_ctx_R_aligned_grad.func.gii, /home/dimuthu1/scratch/PPMI_project2/derivatives/analysis/smoothed/gradients/projections/cortex/sub-4034_month12_ctx_R_aligned_grad.func.gii, /home/dimuthu1/scratch/PPMI_project2/derivatives/analysis/smoothed/gradients/projections/cortex/sub-4035_month12_ctx_R_aligned_grad.func.gii, /home/dimuthu1/scratch/PPMI_project2/derivatives/analysis/smoothed/gradients/projections/cortex/sub-4038_month12_ctx_R_aligned_grad.func.gii, /home/dimuthu1/scratch/PPMI_project2/derivatives/analysis/smoothed/gradients/projections/cortex/month12_ctx_L_mean_grad.func.gii, /home/dimuthu1/scratch/PPMI_project2/derivatives/analysis/smoothed/gradients/projections/cortex/month12_ctx_R_mean_grad.func.gii, /home/dimuthu1/scratch/PPMI_project2/derivatives/analysis/smoothed/gradients/projections/sbctx/sub-3118_month12_sbctx_R_aligned_grad3_image.dscalar.nii, /home/dimuthu1/scratch/PPMI_project2/derivatives/analysis/smoothed/gradients/projections/sbctx/sub-3119_month12_sbctx_R_aligned_grad3_image.dscalar.nii, /home/dimuthu1/scratch/PPMI_project2/derivatives/analysis/smoothed/gradients/projections/sbctx/sub-3120_month12_sbctx_R_aligned_grad3_image.dscalar.nii, /home/dimuthu1/scratch/PPMI_project2/derivatives/analysis/smoothed/gradients/projections/sbctx/sub-3124_month12_sbctx_R_aligned_grad3_image.dscalar.nii, /home/dimuthu1/scratch/PPMI_project2/derivatives/analysis/smoothed/gradients/projections/sbctx/sub-3125_month12_sbctx_R_aligned_grad3_image.dscalar.nii, /home/dimuthu1/scratch/PPMI_project2/derivatives/analysis/smoothed/gradients/projections/sbctx/sub-3131_month12_sbctx_R_aligned_grad3_image.dscalar.nii, /home/dimuthu1/scratch/PPMI_project2/derivatives/analysis/smoothed/gradients/projections/sbctx/sub-3132_month12_sbctx_R_aligned_grad3_image.dscalar.nii, /home/dimuthu1/scratch/PPMI_project2/derivatives/analysis/smoothed/gradients/projections/sbctx/sub-3372_month12_sbctx_R_aligned_grad3_image.dscalar.nii, /home/dimuthu1/scratch/PPMI_project2/derivatives/analysis/smoothed/gradients/projections/sbctx/sub-3373_month12_sbctx_R_aligned_grad3_image.dscalar.nii, /home/dimuthu1/scratch/PPMI_project2/derivatives/analysis/smoothed/gradients/projections/sbctx/sub-3375_month12_sbctx_R_aligned_grad3_image.dscalar.nii, /home/dimuthu1/scratch/PPMI_project2/derivatives/analysis/smoothed/gradients/projections/sbctx/sub-3377_month12_sbctx_R_aligned_grad3_image.dscalar.nii, /home/dimuthu1/scratch/PPMI_project2/derivatives/analysis/smoothed/gradients/projections/sbctx/sub-3378_month12_sbctx_R_aligned_grad3_image.dscalar.nii, /home/dimuthu1/scratch/PPMI_project2/derivatives/analysis/smoothed/gradients/projections/sbctx/sub-3380_month12_sbctx_R_aligned_grad3_image.dscalar.nii, /home/dimuthu1/scratch/PPMI_project2/derivatives/analysis/smoothed/gradients/projections/sbctx/sub-3386_month12_sbctx_R_aligned_grad3_image.dscalar.nii, /home/dimuthu1/scratch/PPMI_project2/derivatives/analysis/smoothed/gradients/projections/sbctx/sub-3392_month12_sbctx_R_aligned_grad3_image.dscalar.nii, /home/dimuthu1/scratch/PPMI_project2/derivatives/analysis/smoothed/gradients/projections/sbctx/sub-3593_month12_sbctx_R_aligned_grad3_image.dscalar.nii, /home/dimuthu1/scratch/PPMI_project2/derivatives/analysis/smoothed/gradients/projections/sbctx/sub-3758_month12_sbctx_R_aligned_grad3_image.dscalar.nii, /home/dimuthu1/scratch/PPMI_project2/derivatives/analysis/smoothed/gradients/projections/sbctx/sub-3760_month12_sbctx_R_aligned_grad3_image.dscalar.nii, /home/dimuthu1/scratch/PPMI_project2/derivatives/analysis/smoothed/gradients/projections/sbctx/sub-3771_month12_sbctx_R_aligned_grad3_image.dscalar.nii, /home/dimuthu1/scratch/PPMI_project2/derivatives/analysis/smoothed/gradients/projections/sbctx/sub-3819_month12_sbctx_R_aligned_grad3_image.dscalar.nii, /home/dimuthu1/scratch/PPMI_project2/derivatives/analysis/smoothed/gradients/projections/sbctx/sub-3822_month12_sbctx_R_aligned_grad3_image.dscalar.nii, /home/dimuthu1/scratch/PPMI_project2/derivatives/analysis/smoothed/gradients/projections/sbctx/sub-3823_month12_sbctx_R_aligned_grad3_image.dscalar.nii, /home/dimuthu1/scratch/PPMI_project2/derivatives/analysis/smoothed/gradients/projections/sbctx/sub-3824_month12_sbctx_R_aligned_grad3_image.dscalar.nii, /home/dimuthu1/scratch/PPMI_project2/derivatives/analysis/smoothed/gradients/projections/sbctx/sub-3825_month12_sbctx_R_aligned_grad3_image.dscalar.nii, /home/dimuthu1/scratch/PPMI_project2/derivatives/analysis/smoothed/gradients/projections/sbctx/sub-3826_month12_sbctx_R_aligned_grad3_image.dscalar.nii, /home/dimuthu1/scratch/PPMI_project2/derivatives/analysis/smoothed/gradients/projections/sbctx/sub-3828_month12_sbctx_R_aligned_grad3_image.dscalar.nii, /home/dimuthu1/scratch/PPMI_project2/derivatives/analysis/smoothed/gradients/projections/sbctx/sub-3829_month12_sbctx_R_aligned_grad3_image.dscalar.nii, /home/dimuthu1/scratch/PPMI_project2/derivatives/analysis/smoothed/gradients/projections/sbctx/sub-3831_month12_sbctx_R_aligned_grad3_image.dscalar.nii, /home/dimuthu1/scratch/PPMI_project2/derivatives/analysis/smoothed/gradients/projections/sbctx/sub-3832_month12_sbctx_R_aligned_grad3_image.dscalar.nii, /home/dimuthu1/scratch/PPMI_project2/derivatives/analysis/smoothed/gradients/projections/sbctx/sub-3834_month12_sbctx_R_aligned_grad3_image.dscalar.nii, /home/dimuthu1/scratch/PPMI_project2/derivatives/analysis/smoothed/gradients/projections/sbctx/sub-3835_month12_sbctx_R_aligned_grad3_image.dscalar.nii, /home/dimuthu1/scratch/PPMI_project2/derivatives/analysis/smoothed/gradients/projections/sbctx/sub-4021_month12_sbctx_R_aligned_grad3_image.dscalar.nii, /home/dimuthu1/scratch/PPMI_project2/derivatives/analysis/smoothed/gradients/projections/sbctx/sub-4022_month12_sbctx_R_aligned_grad3_image.dscalar.nii, /home/dimuthu1/scratch/PPMI_project2/derivatives/analysis/smoothed/gradients/projections/sbctx/sub-4030_month12_sbctx_R_aligned_grad3_image.dscalar.nii, /home/dimuthu1/scratch/PPMI_project2/derivatives/analysis/smoothed/gradients/projections/sbctx/sub-4034_month12_sbctx_R_aligned_grad3_image.dscalar.nii, /home/dimuthu1/scratch/PPMI_project2/derivatives/analysis/smoothed/gradients/projections/sbctx/sub-4035_month12_sbctx_R_aligned_grad3_image.dscalar.nii, /home/dimuthu1/scratch/PPMI_project2/derivatives/analysis/smoothed/gradients/projections/sbctx/sub-4038_month12_sbctx_R_aligned_grad3_image.dscalar.nii
Shutting down, this might take some time.
Exiting because a job execution failed. Look above for error message
['3118', '3119', '3120', '3124', '3125', '3131', '3132', '3372', '3373', '3375', '3377', '3378', '3380', '3386', '3392', '3593', '3758', '3760', '3771', '3819', '3822', '3823', '3824', '3825', '3826', '3828', '3829', '3831', '3832', '3834', '3835', '4021', '4022', '4030', '4034', '4035', '4038']
